2021-03-10 05:52:28,147 | train_process | INFO | Load data train: (891, 12)
2021-03-10 05:52:28,148 | train_process | INFO | Operator list
Pipeline train_process operator list
	0 drop_column
		Drop Ticket, Carbin column
	1 extract_title
		Extract title from Name column
	2 replace_title
		Replace title(Rare, Miss, Mrs)
	3 map_title
		Mapping title to integer
	4 convert_categorical_column
		Convert female, male to 0, 1
	5 impute_age
		Impute age as median for each sex, pclass
	6 group_age
		Make age groups
	7 make_new_feature
		Make FamilySize, IsAlone, AgePclass
	8 convert_numeric_feature
		Group Fare

2021-03-10 05:52:28,152 | train_process | INFO | 0 operator drop_column elapsed at 0.003 s
2021-03-10 05:52:28,158 | train_process | INFO | 1 operator extract_title elapsed at 0.006 s
2021-03-10 05:52:28,164 | train_process | INFO | 2 operator replace_title elapsed at 0.006 s
2021-03-10 05:52:28,167 | train_process | INFO | 3 operator map_title elapsed at 0.003 s
2021-03-10 05:52:28,174 | train_process | INFO | 4 operator convert_categorical_column elapsed at 0.006 s
2021-03-10 05:52:28,250 | train_process | INFO | 5 operator impute_age elapsed at 0.076 s
	Number of na Age row: 177
	impute age Sex: 0 Pclass: 1 Age imputed as 40.0 21 rows
	impute age Sex: 0 Pclass: 2 Age imputed as 30.0 9 rows
	impute age Sex: 0 Pclass: 3 Age imputed as 25.0 94 rows
	impute age Sex: 1 Pclass: 1 Age imputed as 35.0 9 rows
	impute age Sex: 1 Pclass: 2 Age imputed as 28.0 2 rows
	impute age Sex: 1 Pclass: 3 Age imputed as 21.5 42 rows

2021-03-10 05:52:28,258 | train_process | INFO | 6 operator group_age elapsed at 0.008 s
2021-03-10 05:52:28,264 | train_process | INFO | 7 operator make_new_feature elapsed at 0.005 s
2021-03-10 05:52:28,272 | train_process | INFO | 8 operator convert_numeric_feature elapsed at 0.008 s
